<?xml version="1.0" encoding="UTF-8" ?>
<testsuite failures="0" time="0.006" errors="2" skipped="0" tests="2" name="com.DFATTests.Firefox.FullSiteFirefoxLoremIpsumTest">
  <properties>
[...]
</properties>
  <testcase time="46.412" classname="com.DFATTests.Firefox.FullSiteFirefoxLoremIpsumTest" name="com.DFATTests.Firefox.FullSiteFirefoxLoremIpsumTest">
    <error message="Session ID is null. Using WebDriver after calling quit()?
Build info: version: &apos;2.44.0&apos;, revision: &apos;76d78cf323ce037c5f92db6c1bba601c2ac43ad8&apos;, time: &apos;2014-10-23 13:11:40&apos;
System info: host: &apos;VJPC468&apos;, ip: &apos;10.71.21.71&apos;, os.name: &apos;Windows 8.1&apos;, os.arch: &apos;amd64&apos;, os.version: &apos;6.3&apos;, java.version: &apos;1.7.0_60&apos;
Driver info: driver.version: RemoteWebDriver" type="org.openqa.selenium.remote.SessionNotFoundException">org.openqa.selenium.remote.SessionNotFoundException: Session ID is null. Using WebDriver after calling quit()?
Build info: version: &apos;2.44.0&apos;, revision: &apos;76d78cf323ce037c5f92db6c1bba601c2ac43ad8&apos;, time: &apos;2014-10-23 13:11:40&apos;
System info: host: &apos;VJPC468&apos;, ip: &apos;10.71.21.71&apos;, os.name: &apos;Windows 8.1&apos;, os.arch: &apos;amd64&apos;, os.version: &apos;6.3&apos;, java.version: &apos;1.7.0_60&apos;
Driver info: driver.version: RemoteWebDriver
	at org.openqa.selenium.remote.HttpCommandExecutor.execute(HttpCommandExecutor.java:158)
	at org.openqa.selenium.remote.service.DriverCommandExecutor.execute(DriverCommandExecutor.java:66)
	at org.openqa.selenium.remote.RemoteWebDriver.execute(RemoteWebDriver.java:572)
	at org.openqa.selenium.remote.RemoteWebDriver$RemoteWebDriverOptions$RemoteWindow.maximize(RemoteWebDriver.java:829)
	at com.DFAT_Australia.BaseClass.browserSetup(BaseClass.java:68)
	at com.DFATPageObjects.Careers.Roles_VacanciesPageObjects.DFATMainPageFirefox(Roles_VacanciesPageObjects.java:59)
	at com.DFATTests.Firefox.FullSiteFirefoxLoremIpsumTest.Setup(FullSiteFirefoxLoremIpsumTest.java:63)
	at sun.reflect.NativeMethodAccessorImpl.invoke0(Native Method)
	at sun.reflect.NativeMethodAccessorImpl.invoke(Unknown Source)
	at sun.reflect.DelegatingMethodAccessorImpl.invoke(Unknown Source)
	at java.lang.reflect.Method.invoke(Unknown Source)
	at org.junit.runners.model.FrameworkMethod$1.runReflectiveCall(FrameworkMethod.java:47)
	at org.junit.internal.runners.model.ReflectiveCallable.run(ReflectiveCallable.java:12)
	at org.junit.runners.model.FrameworkMethod.invokeExplosively(FrameworkMethod.java:44)
	at org.junit.internal.runners.statements.RunBefores.evaluate(RunBefores.java:24)
	at org.junit.internal.runners.statements.RunAfters.evaluate(RunAfters.java:27)
	at org.junit.runners.ParentRunner.run(ParentRunner.java:309)
	at org.apache.maven.surefire.junit4.JUnit4TestSet.execute(JUnit4TestSet.java:53)
	at org.apache.maven.surefire.junit4.JUnit4Provider.executeTestSet(JUnit4Provider.java:123)
	at org.apache.maven.surefire.junit4.JUnit4Provider.invoke(JUnit4Provider.java:104)
	at sun.reflect.NativeMethodAccessorImpl.invoke0(Native Method)
	at sun.reflect.NativeMethodAccessorImpl.invoke(Unknown Source)
	at sun.reflect.DelegatingMethodAccessorImpl.invoke(Unknown Source)
	at java.lang.reflect.Method.invoke(Unknown Source)
	at org.apache.maven.surefire.util.ReflectionUtils.invokeMethodWithArray(ReflectionUtils.java:164)
	at org.apache.maven.surefire.booter.ProviderFactory$ProviderProxy.invoke(ProviderFactory.java:110)
	at org.apache.maven.surefire.booter.SurefireStarter.invokeProvider(SurefireStarter.java:175)
	at org.apache.maven.surefire.booter.SurefireStarter.runSuitesInProcessWhenForked(SurefireStarter.java:107)
	at org.apache.maven.surefire.booter.ForkedBooter.main(ForkedBooter.java:68)
</error>
    <system-out>Environment Setup Passed
A_NavigateToIntelligenceOfficerApplicationTestPassed
B_LoginAsUserTestPassed
C_FillFormFormPersonalSectionCompleteFailed
D_FillFormPartnerAndRelationshipSectionCompleteFailed
E_FillFormEducationAndEmploymentSectionCompleteFailed
F_FillFormExtraCurrAndForeignExpSectionCompleteFailed
G_FillFormExtendedResponseSectionCompleteFailed
[true, true, true, false, false, false, false, false]
[A_NavigateToIntelligenceOfficerApplicationTest, B_LoginAsUserTest, C_FillFormFormPersonalSectionComplete, D_FillFormPartnerAndRelationshipSectionComplete, E_FillFormEducationAndEmploymentSectionComplete, F_FillFormExtraCurrAndForeignExpSectionComplete, G_FillFormExtendedResponseSectionComplete, H_SubmitFormSection]
Folder Created src/com/DFATReports/02Mar2015\Run#4\
Settingup Chrome Browser
[]
[]
</system-out>
  </testcase>
  <testcase time="46.412" classname="com.DFATTests.Firefox.FullSiteFirefoxLoremIpsumTest" name="com.DFATTests.Firefox.FullSiteFirefoxLoremIpsumTest">
    <error type="java.lang.NullPointerException">java.lang.NullPointerException
	at com.DFAT_Australia.BaseClass.tearDownErrorLog(BaseClass.java:329)
	at com.DFATTests.Firefox.FullSiteFirefoxLoremIpsumTest.teardown(FullSiteFirefoxLoremIpsumTest.java:188)
	at sun.reflect.NativeMethodAccessorImpl.invoke0(Native Method)
	at sun.reflect.NativeMethodAccessorImpl.invoke(Unknown Source)
	at sun.reflect.DelegatingMethodAccessorImpl.invoke(Unknown Source)
	at java.lang.reflect.Method.invoke(Unknown Source)
	at org.junit.runners.model.FrameworkMethod$1.runReflectiveCall(FrameworkMethod.java:47)
	at org.junit.internal.runners.model.ReflectiveCallable.run(ReflectiveCallable.java:12)
	at org.junit.runners.model.FrameworkMethod.invokeExplosively(FrameworkMethod.java:44)
	at org.junit.internal.runners.statements.RunAfters.evaluate(RunAfters.java:33)
	at org.junit.runners.ParentRunner.run(ParentRunner.java:309)
	at org.apache.maven.surefire.junit4.JUnit4TestSet.execute(JUnit4TestSet.java:53)
	at org.apache.maven.surefire.junit4.JUnit4Provider.executeTestSet(JUnit4Provider.java:123)
	at org.apache.maven.surefire.junit4.JUnit4Provider.invoke(JUnit4Provider.java:104)
	at sun.reflect.NativeMethodAccessorImpl.invoke0(Native Method)
	at sun.reflect.NativeMethodAccessorImpl.invoke(Unknown Source)
	at sun.reflect.DelegatingMethodAccessorImpl.invoke(Unknown Source)
	at java.lang.reflect.Method.invoke(Unknown Source)
	at org.apache.maven.surefire.util.ReflectionUtils.invokeMethodWithArray(ReflectionUtils.java:164)
	at org.apache.maven.surefire.booter.ProviderFactory$ProviderProxy.invoke(ProviderFactory.java:110)
	at org.apache.maven.surefire.booter.SurefireStarter.invokeProvider(SurefireStarter.java:175)
	at org.apache.maven.surefire.booter.SurefireStarter.runSuitesInProcessWhenForked(SurefireStarter.java:107)
	at org.apache.maven.surefire.booter.ForkedBooter.main(ForkedBooter.java:68)
</error>
  </testcase>
</testsuite>